[2022-11-12T21:32:16.509] [ERROR] default - Error en el Login
[2022-11-12T21:32:27.055] [WARN] default - Usuario ya se registro
[2022-11-12T21:35:43.862] [WARN] default - Ruta desconocida
[2022-11-12T21:37:16.808] [WARN] default - Ruta desconocida
[2022-11-12T21:37:43.257] [WARN] default - Ruta desconocida
[2022-11-12T21:39:37.004] [WARN] default - Ruta desconocida
[2022-11-12T21:41:12.052] [WARN] default - Ruta desconocida { '0': '/queonda' }
[2022-11-12T21:41:48.935] [WARN] default - Ruta desconocida { ruta: { '0': '/queloquepasa' } }
[2022-11-13T19:58:03.929] [WARN] default - Ruta desconocida { ruta: { '0': '/favicon.ico' } }
[2022-11-20T18:46:58.617] [WARN] default - Ruta desconocida { ruta: { '0': '/favicon.ico' } }
[2022-11-20T18:47:04.017] [WARN] default - Ruta desconocida { ruta: { '0': '/favicon.ico' } }
[2022-11-20T18:47:15.191] [WARN] default - Ruta desconocida { ruta: { '0': '/favicon.ico' } }
[2022-11-20T18:47:17.296] [WARN] default - Ruta desconocida { ruta: { '0': '/favicon.ico' } }
[2022-11-20T18:50:23.226] [WARN] default - Ruta desconocida { ruta: { '0': '/favicon.ico' } }
[2022-11-20T18:50:46.664] [WARN] default - Ruta desconocida { ruta: { '0': '/favicon.ico' } }
[2022-11-20T18:51:16.951] [WARN] default - Ruta desconocida { ruta: { '0': '/favicon.ico' } }
[2022-11-20T18:51:27.010] [WARN] default - Ruta desconocida { ruta: { '0': '/favicon.ico' } }
[2022-11-20T18:51:29.263] [WARN] default - Ruta desconocida { ruta: { '0': '/favicon.ico' } }
[2022-11-26T23:05:50.817] [WARN] default - Ruta desconocida { ruta: { '0': '/favicon.ico' } }
[2022-11-26T23:05:59.260] [WARN] default - Ruta desconocida { ruta: { '0': '/favicon.ico' } }
[2022-11-26T23:11:29.535] [WARN] default - Ruta desconocida { ruta: { '0': '/favicon.ico' } }
[2022-11-26T23:15:08.226] [WARN] default - Ruta desconocida { ruta: { '0': '/favicon.ico' } }
[2022-11-26T23:21:00.763] [WARN] default - Ruta desconocida { ruta: { '0': '/favicon.ico' } }
[2022-11-27T23:06:29.564] [WARN] default - Ruta desconocida { ruta: { '0': '/favicon.ico' } }
[2022-11-27T23:06:40.145] [WARN] default - Ruta desconocida { ruta: { '0': '/favicon.ico' } }
[2022-11-27T23:07:23.100] [WARN] default - Usuario ya se registro
[2022-11-27T23:07:23.385] [WARN] default - Ruta desconocida { ruta: { '0': '/favicon.ico' } }
[2022-11-27T23:07:25.923] [WARN] default - Ruta desconocida { ruta: { '0': '/favicon.ico' } }
[2022-11-27T23:17:49.824] [WARN] default - Ruta desconocida { ruta: { '0': '/favicon.ico' } }
[2022-11-27T23:17:51.928] [WARN] default - Ruta desconocida { ruta: { '0': '/favicon.ico' } }
[2022-11-27T23:18:36.693] [WARN] default - Ruta desconocida { ruta: { '0': '/favicon.ico' } }
[2022-11-27T23:18:39.952] [WARN] default - Ruta desconocida { ruta: { '0': '/favicon.ico' } }
[2022-11-27T23:18:42.952] [WARN] default - Ruta desconocida { ruta: { '0': '/favicon.ico' } }
[2022-11-27T23:19:09.317] [WARN] default - Ruta desconocida { ruta: { '0': '/favicon.ico' } }
[2022-11-27T23:19:10.752] [WARN] default - Ruta desconocida { ruta: { '0': '/favicon.ico' } }
[2022-11-27T23:19:12.962] [WARN] default - Ruta desconocida { ruta: { '0': '/favicon.ico' } }
[2022-11-27T23:19:16.431] [WARN] default - Ruta desconocida { ruta: { '0': '/favicon.ico' } }
[2022-11-27T23:19:17.921] [WARN] default - Ruta desconocida { ruta: { '0': '/favicon.ico' } }
[2022-11-27T23:21:02.020] [WARN] default - Ruta desconocida { ruta: { '0': '/favicon.ico' } }
[2022-11-27T23:21:03.972] [WARN] default - Ruta desconocida { ruta: { '0': '/favicon.ico' } }
[2022-11-28T01:06:50.452] [WARN] default - Ruta desconocida { ruta: { '0': '/favicon.ico' } }
[2022-11-28T01:06:52.429] [WARN] default - Ruta desconocida { ruta: { '0': '/favicon.ico' } }
[2022-11-28T01:07:25.701] [WARN] default - Usuario ya se registro
[2022-11-28T01:07:26.060] [WARN] default - Ruta desconocida { ruta: { '0': '/favicon.ico' } }
[2022-11-28T01:07:28.350] [WARN] default - Ruta desconocida { ruta: { '0': '/favicon.ico' } }
[2022-11-28T01:08:36.529] [WARN] default - Ruta desconocida { ruta: { '0': '/favicon.ico' } }
[2022-11-28T01:09:03.850] [WARN] default - Ruta desconocida { ruta: { '0': '/favicon.ico' } }
[2022-11-28T01:09:11.487] [ERROR] default - Error en el Login
[2022-11-28T01:09:11.786] [WARN] default - Ruta desconocida { ruta: { '0': '/favicon.ico' } }
[2022-11-28T01:09:14.074] [WARN] default - Ruta desconocida { ruta: { '0': '/favicon.ico' } }
[2022-11-28T01:09:21.567] [ERROR] default - Error en el Login
[2022-11-28T01:09:21.863] [WARN] default - Ruta desconocida { ruta: { '0': '/favicon.ico' } }
[2022-11-28T01:09:24.164] [WARN] default - Ruta desconocida { ruta: { '0': '/favicon.ico' } }
[2022-11-28T01:09:34.130] [ERROR] default - Error en el Login
[2022-11-28T01:09:34.433] [WARN] default - Ruta desconocida { ruta: { '0': '/favicon.ico' } }
[2022-11-28T01:09:36.686] [WARN] default - Ruta desconocida { ruta: { '0': '/favicon.ico' } }
[2022-11-28T01:16:58.824] [WARN] default - Ruta desconocida { ruta: { '0': '/favicon.ico' } }
[2022-11-28T01:17:35.563] [WARN] default - Ruta desconocida { ruta: { '0': '/favicon.ico' } }
[2022-11-28T01:21:05.683] [WARN] default - Ruta desconocida { ruta: { '0': '/favicon.ico' } }
[2022-11-28T01:21:36.715] [WARN] default - Ruta desconocida { ruta: { '0': '/favicon.ico' } }
[2022-11-28T01:22:24.467] [ERROR] default - Error en el Login
[2022-11-28T01:22:24.808] [WARN] default - Ruta desconocida { ruta: { '0': '/favicon.ico' } }
[2022-11-28T01:22:26.618] [WARN] default - Ruta desconocida { ruta: { '0': '/favicon.ico' } }
[2022-11-28T01:22:30.437] [ERROR] default - Error en el Login
[2022-11-28T01:22:30.710] [WARN] default - Ruta desconocida { ruta: { '0': '/favicon.ico' } }
[2022-11-28T01:22:32.982] [WARN] default - Ruta desconocida { ruta: { '0': '/favicon.ico' } }
[2022-11-28T01:27:29.372] [WARN] default - Ruta desconocida { ruta: { '0': '/favicon.ico' } }
[2022-11-28T01:27:56.908] [WARN] default - Ruta desconocida { ruta: { '0': '/favicon.ico' } }
[2022-11-28T01:27:59.173] [WARN] default - Ruta desconocida { ruta: { '0': '/favicon.ico' } }
[2022-11-30T13:00:50.027] [WARN] default - Ruta desconocida { ruta: { '0': '/favicon.ico' } }
[2022-11-30T13:00:53.748] [WARN] default - Ruta desconocida { ruta: { '0': '/favicon.ico' } }
[2022-11-30T13:00:57.780] [WARN] default - Ruta desconocida { ruta: { '0': '/favicon.ico' } }
[2022-11-30T13:00:59.916] [WARN] default - Ruta desconocida { ruta: { '0': '/favicon.ico' } }
[2022-11-30T14:10:01.664] [WARN] default - Ruta desconocida { ruta: { '0': '/favicon.ico' } }
[2022-11-30T14:12:23.092] [WARN] default - Ruta desconocida { ruta: { '0': '/favicon.ico' } }
[2022-11-30T14:12:25.650] [WARN] default - Ruta desconocida { ruta: { '0': '/favicon.ico' } }
[2022-11-30T14:51:37.421] [WARN] default - Ruta desconocida { ruta: { '0': '/favicon.ico' } }
[2022-11-30T14:51:43.141] [WARN] default - Ruta desconocida { ruta: { '0': '/alt="logo' } }
[2022-11-30T14:51:43.441] [WARN] default - Ruta desconocida { ruta: { '0': '/favicon.ico' } }
[2022-11-30T14:52:47.347] [WARN] default - Ruta desconocida { ruta: { '0': '/favicon.ico' } }
[2022-11-30T14:52:49.666] [WARN] default - Ruta desconocida { ruta: { '0': '/favicon.ico' } }
[2022-11-30T14:53:16.146] [WARN] default - Ruta desconocida { ruta: { '0': '/favicon.ico' } }
[2022-11-30T14:54:03.826] [WARN] default - Ruta desconocida { ruta: { '0': '/alt="logo' } }
[2022-11-30T14:54:03.942] [WARN] default - Ruta desconocida { ruta: { '0': '/favicon.ico' } }
[2022-11-30T14:55:48.479] [WARN] default - Ruta desconocida { ruta: { '0': '/favicon.ico' } }
[2022-11-30T14:55:50.698] [WARN] default - Ruta desconocida { ruta: { '0': '/favicon.ico' } }
[2022-11-30T14:56:00.602] [WARN] default - Ruta desconocida { ruta: { '0': '/alt="logo' } }
[2022-11-30T14:56:00.733] [WARN] default - Ruta desconocida { ruta: { '0': '/favicon.ico' } }
[2022-11-30T15:03:00.579] [WARN] default - Ruta desconocida { ruta: { '0': '/favicon.ico' } }
[2022-11-30T15:03:03.169] [WARN] default - Ruta desconocida { ruta: { '0': '/favicon.ico' } }
[2022-11-30T15:03:08.320] [WARN] default - Ruta desconocida { ruta: { '0': '/favicon.ico' } }
[2022-11-30T15:04:36.362] [WARN] default - Ruta desconocida { ruta: { '0': '/favicon.ico' } }
[2022-11-30T15:05:04.543] [WARN] default - Ruta desconocida { ruta: { '0': '/favicon.ico' } }
[2022-11-30T15:05:26.891] [WARN] default - Ruta desconocida { ruta: { '0': '/favicon.ico' } }
[2022-11-30T15:05:32.926] [WARN] default - Ruta desconocida { ruta: { '0': '/favicon.ico' } }
[2022-11-30T15:05:35.596] [WARN] default - Ruta desconocida { ruta: { '0': '/favicon.ico' } }
[2022-11-30T15:05:37.739] [WARN] default - Ruta desconocida { ruta: { '0': '/favicon.ico' } }
[2022-11-30T15:05:39.251] [WARN] default - Ruta desconocida { ruta: { '0': '/favicon.ico' } }
[2022-11-30T15:05:41.722] [WARN] default - Ruta desconocida { ruta: { '0': '/favicon.ico' } }
[2022-11-30T15:06:09.273] [WARN] default - Ruta desconocida { ruta: { '0': '/favicon.ico' } }
[2022-11-30T15:06:30.530] [WARN] default - Ruta desconocida { ruta: { '0': '/favicon.ico' } }
[2022-11-30T15:06:57.188] [WARN] default - Ruta desconocida { ruta: { '0': '/favicon.ico' } }
[2022-11-30T15:09:37.650] [WARN] default - Ruta desconocida { ruta: { '0': '/images/cart-png' } }
[2022-11-30T15:09:37.988] [WARN] default - Ruta desconocida { ruta: { '0': '/favicon.ico' } }
[2022-11-30T15:10:55.460] [WARN] default - Ruta desconocida { ruta: { '0': '/public/images/cart.png' } }
[2022-11-30T15:10:55.980] [WARN] default - Ruta desconocida { ruta: { '0': '/favicon.ico' } }
[2022-11-30T15:10:58.924] [WARN] default - Ruta desconocida { ruta: { '0': '/public/images/cart.png' } }
[2022-11-30T15:11:00.004] [WARN] default - Ruta desconocida { ruta: { '0': '/favicon.ico' } }
[2022-11-30T15:12:35.206] [WARN] default - Ruta desconocida { ruta: { '0': '/favicon.ico' } }
[2022-11-30T15:12:37.745] [WARN] default - Ruta desconocida { ruta: { '0': '/favicon.ico' } }
[2022-11-30T15:12:40.817] [WARN] default - Ruta desconocida { ruta: { '0': '/public/images/cart.png' } }
[2022-11-30T15:12:41.479] [WARN] default - Ruta desconocida { ruta: { '0': '/favicon.ico' } }
[2022-11-30T15:13:20.696] [WARN] default - Ruta desconocida { ruta: { '0': '/public/images/cart.png' } }
[2022-11-30T15:13:21.065] [WARN] default - Ruta desconocida { ruta: { '0': '/favicon.ico' } }
[2022-11-30T15:13:54.457] [WARN] default - Ruta desconocida { ruta: { '0': '/favicon.ico' } }
[2022-11-30T15:14:09.098] [WARN] default - Ruta desconocida { ruta: { '0': '/favicon.ico' } }
[2022-11-30T15:14:58.377] [WARN] default - Ruta desconocida { ruta: { '0': '/favicon.ico' } }
[2022-11-30T15:15:54.967] [WARN] default - Ruta desconocida { ruta: { '0': '/favicon.ico' } }
[2022-11-30T15:16:11.761] [WARN] default - Ruta desconocida { ruta: { '0': '/favicon.ico' } }
[2022-11-30T15:21:43.878] [WARN] default - Ruta desconocida { ruta: { '0': '/cart' } }
[2022-11-30T15:21:44.032] [WARN] default - Ruta desconocida { ruta: { '0': '/favicon.ico' } }
[2022-11-30T15:21:48.693] [WARN] default - Ruta desconocida { ruta: { '0': '/favicon.ico' } }
[2022-11-30T15:21:52.307] [WARN] default - Ruta desconocida { ruta: { '0': '/cart' } }
[2022-11-30T15:21:52.511] [WARN] default - Ruta desconocida { ruta: { '0': '/favicon.ico' } }
[2022-11-30T15:22:53.580] [WARN] default - Ruta desconocida { ruta: { '0': '/favicon.ico' } }
[2022-11-30T15:22:57.783] [WARN] default - Ruta desconocida { ruta: { '0': '/favicon.ico' } }
[2022-11-30T15:22:59.640] [WARN] default - Ruta desconocida { ruta: { '0': '/cart' } }
[2022-11-30T15:22:59.788] [WARN] default - Ruta desconocida { ruta: { '0': '/favicon.ico' } }
[2022-11-30T15:23:09.967] [WARN] default - Ruta desconocida { ruta: { '0': '/favicon.ico' } }
[2022-11-30T15:49:13.602] [WARN] default - Ruta desconocida { ruta: { '0': '/favicon.ico' } }
[2022-11-30T15:49:18.380] [WARN] default - Ruta desconocida { ruta: { '0': '/favicon.ico' } }
[2022-11-30T15:49:25.495] [WARN] default - Ruta desconocida { ruta: { '0': '/favicon.ico' } }
[2022-11-30T15:49:30.809] [WARN] default - Ruta desconocida { ruta: { '0': '/favicon.ico' } }
[2022-11-30T15:50:52.169] [WARN] default - Ruta desconocida { ruta: { '0': '/favicon.ico' } }
[2022-11-30T18:53:41.001] [WARN] default - Ruta desconocida { ruta: { '0': '/favicon.ico' } }
[2022-11-30T18:53:44.044] [WARN] default - Ruta desconocida { ruta: { '0': '/favicon.ico' } }
[2022-11-30T18:59:11.604] [WARN] default - Ruta desconocida { ruta: { '0': '/favicon.ico' } }
[2022-11-30T18:59:13.930] [WARN] default - Ruta desconocida { ruta: { '0': '/favicon.ico' } }
[2022-11-30T18:59:21.709] [WARN] default - Ruta desconocida { ruta: { '0': '/favicon.ico' } }
[2022-11-30T18:59:33.400] [WARN] default - Ruta desconocida { ruta: { '0': '/favicon.ico' } }
[2022-11-30T18:59:37.636] [WARN] default - Ruta desconocida { ruta: { '0': '/favicon.ico' } }
[2022-11-30T18:59:38.563] [WARN] default - Ruta desconocida { ruta: { '0': '/favicon.ico' } }
[2022-11-30T18:59:45.544] [WARN] default - Ruta desconocida { ruta: { '0': '/favicon.ico' } }
[2022-11-30T18:59:47.807] [WARN] default - Ruta desconocida { ruta: { '0': '/favicon.ico' } }
[2022-11-30T19:00:00.148] [WARN] default - Ruta desconocida { ruta: { '0': '/favicon.ico' } }
[2022-11-30T19:00:04.011] [WARN] default - Ruta desconocida { ruta: { '0': '/favicon.ico' } }
[2022-11-30T19:00:05.021] [WARN] default - Ruta desconocida { ruta: { '0': '/favicon.ico' } }
[2022-11-30T19:00:07.400] [WARN] default - Ruta desconocida { ruta: { '0': '/favicon.ico' } }
[2022-11-30T19:00:14.956] [WARN] default - Ruta desconocida { ruta: { '0': '/favicon.ico' } }
[2022-11-30T19:00:16.204] [WARN] default - Ruta desconocida { ruta: { '0': '/favicon.ico' } }
[2022-11-30T19:00:18.610] [WARN] default - Ruta desconocida { ruta: { '0': '/favicon.ico' } }
[2022-11-30T19:11:37.513] [WARN] default - Ruta desconocida { ruta: { '0': '/favicon.ico' } }
[2022-11-30T19:13:13.371] [WARN] default - Ruta desconocida { ruta: { '0': '/favicon.ico' } }
[2022-11-30T19:13:47.218] [WARN] default - Ruta desconocida { ruta: { '0': '/favicon.ico' } }
[2022-11-30T19:13:48.906] [WARN] default - Ruta desconocida { ruta: { '0': '/favicon.ico' } }
[2022-11-30T19:14:14.324] [WARN] default - Ruta desconocida { ruta: { '0': '/favicon.ico' } }
[2022-11-30T19:16:18.820] [WARN] default - Ruta desconocida { ruta: { '0': '/favicon.ico' } }
[2022-11-30T19:18:53.810] [WARN] default - Ruta desconocida { ruta: { '0': '/favicon.ico' } }
[2022-11-30T19:37:20.547] [WARN] default - Ruta desconocida { ruta: { '0': '/favicon.ico' } }
[2022-11-30T19:39:32.035] [WARN] default - Ruta desconocida { ruta: { '0': '/favicon.ico' } }
[2022-11-30T19:39:35.109] [ERROR] default - Error en el Login
[2022-11-30T19:39:35.335] [WARN] default - Ruta desconocida { ruta: { '0': '/favicon.ico' } }
[2022-11-30T19:39:37.607] [WARN] default - Ruta desconocida { ruta: { '0': '/favicon.ico' } }
[2022-11-30T19:39:49.396] [ERROR] default - Error en el Login
[2022-11-30T19:39:49.889] [WARN] default - Ruta desconocida { ruta: { '0': '/favicon.ico' } }
[2022-11-30T19:39:52.567] [WARN] default - Ruta desconocida { ruta: { '0': '/favicon.ico' } }
[2022-11-30T19:40:03.700] [WARN] default - Ruta desconocida { ruta: { '0': '/favicon.ico' } }
[2022-11-30T19:40:05.661] [WARN] default - Ruta desconocida { ruta: { '0': '/favicon.ico' } }
[2022-11-30T19:40:10.387] [WARN] default - Ruta desconocida { ruta: { '0': '/favicon.ico' } }
[2022-11-30T19:40:12.886] [WARN] default - Ruta desconocida { ruta: { '0': '/favicon.ico' } }
[2022-11-30T19:44:03.612] [WARN] default - Ruta desconocida { ruta: { '0': '/alt="avatar"' } }
[2022-11-30T19:44:03.965] [WARN] default - Ruta desconocida { ruta: { '0': '/favicon.ico' } }
[2022-11-30T19:48:51.800] [WARN] default - Ruta desconocida { ruta: { '0': '/favicon.ico' } }
[2022-11-30T19:48:54.374] [WARN] default - Ruta desconocida { ruta: { '0': '/favicon.ico' } }
[2022-11-30T19:48:57.340] [WARN] default - Ruta desconocida { ruta: { '0': '/favicon.ico' } }
[2022-11-30T19:49:26.451] [WARN] default - Ruta desconocida { ruta: { '0': '/favicon.ico' } }
[2022-11-30T19:49:28.076] [ERROR] default - Error en el Login
[2022-11-30T19:49:28.348] [WARN] default - Ruta desconocida { ruta: { '0': '/favicon.ico' } }
[2022-11-30T19:49:30.797] [WARN] default - Ruta desconocida { ruta: { '0': '/favicon.ico' } }
[2022-11-30T19:49:37.213] [WARN] default - Ruta desconocida { ruta: { '0': '/alt="avatar"' } }
[2022-11-30T19:49:39.148] [WARN] default - Ruta desconocida { ruta: { '0': '/favicon.ico' } }
[2022-11-30T19:51:13.950] [WARN] default - Ruta desconocida { ruta: { '0': '/favicon.ico' } }
[2022-11-30T19:51:16.199] [WARN] default - Ruta desconocida { ruta: { '0': '/favicon.ico' } }
[2022-11-30T20:25:17.521] [ERROR] default - Error en el Login
[2022-11-30T20:25:17.853] [WARN] default - Ruta desconocida { ruta: { '0': '/favicon.ico' } }
[2022-11-30T20:25:20.494] [WARN] default - Ruta desconocida { ruta: { '0': '/favicon.ico' } }
[2022-11-30T20:26:12.239] [WARN] default - Ruta desconocida { ruta: { '0': '/favicon.ico' } }
[2022-11-30T20:28:14.824] [WARN] default - Ruta desconocida { ruta: { '0': '/favicon.ico' } }
[2022-11-30T20:28:26.796] [WARN] default - Ruta desconocida { ruta: { '0': '/favicon.ico' } }
[2022-11-30T20:28:50.146] [WARN] default - Ruta desconocida { ruta: { '0': '/favicon.ico' } }
[2022-11-30T20:28:54.529] [WARN] default - Ruta desconocida { ruta: { '0': '/favicon.ico' } }
[2022-11-30T21:03:09.689] [WARN] default - Ruta desconocida { ruta: { '0': '/favicon.ico' } }
[2022-11-30T21:03:15.653] [WARN] default - Ruta desconocida { ruta: { '0': '/favicon.ico' } }
[2022-11-30T21:04:34.527] [WARN] default - Ruta desconocida { ruta: { '0': '/favicon.ico' } }
[2022-11-30T21:04:37.484] [WARN] default - Ruta desconocida { ruta: { '0': '/favicon.ico' } }
[2022-11-30T21:10:52.933] [WARN] default - Ruta desconocida { ruta: { '0': '/favicon.ico' } }
[2022-11-30T21:42:22.563] [WARN] default - Ruta desconocida { ruta: { '0': '/favicon.ico' } }
[2022-11-30T21:42:25.416] [WARN] default - Ruta desconocida { ruta: { '0': '/favicon.ico' } }
[2022-11-30T21:42:29.096] [WARN] default - Ruta desconocida { ruta: { '0': '/favicon.ico' } }
[2022-11-30T23:26:57.245] [WARN] default - Ruta desconocida { ruta: { '0': '/favicon.ico' } }
[2022-11-30T23:26:59.597] [WARN] default - Ruta desconocida { ruta: { '0': '/favicon.ico' } }
[2022-11-30T23:27:04.097] [WARN] default - Ruta desconocida { ruta: { '0': '/favicon.ico' } }
[2022-11-30T23:27:07.723] [WARN] default - Ruta desconocida { ruta: { '0': '/favicon.ico' } }
[2022-11-30T23:36:24.303] [WARN] default - Ruta desconocida { ruta: { '0': '/favicon.ico' } }
[2022-11-30T23:36:31.204] [WARN] default - Ruta desconocida { ruta: { '0': '/favicon.ico' } }
[2022-11-30T23:36:33.355] [WARN] default - Ruta desconocida { ruta: { '0': '/favicon.ico' } }
[2022-12-01T00:06:09.885] [WARN] default - Ruta desconocida { ruta: { '0': '/favicon.ico' } }
[2022-12-01T00:06:13.845] [WARN] default - Ruta desconocida { ruta: { '0': '/favicon.ico' } }
[2022-12-01T00:08:37.070] [WARN] default - Ruta desconocida { ruta: { '0': '/favicon.ico' } }
[2022-12-01T00:15:47.595] [WARN] default - Ruta desconocida { ruta: { '0': '/favicon.ico' } }
[2022-12-01T00:37:24.130] [WARN] default - Ruta desconocida { ruta: { '0': '/home/qhxEw4LnuAlFLtM7ziWF' } }
[2022-12-01T00:39:16.938] [WARN] default - Ruta desconocida { ruta: { '0': '/home/qhxEw4LnuAlFLtM7ziWF' } }
[2022-12-11T16:56:20.311] [ERROR] default - Error en el Login
[2022-12-11T17:15:29.659] [ERROR] default - Error en el Login
[2022-12-11T17:15:48.107] [ERROR] default - Error en el Login
[2022-12-11T17:21:49.614] [WARN] default - Ruta desconocida { ruta: { '0': '/1M8BYFj8YYy0GbWl8ZFa' } }
[2022-12-11T17:44:26.986] [WARN] default - Ruta desconocida { ruta: { '0': '/add/1M8BYFj8YYy0GbWl8ZFa' } }
[2022-12-11T17:52:11.050] [WARN] default - Ruta desconocida { ruta: { '0': '/add/1M8BYFj8YYy0GbWl8ZFa' } }
[2022-12-11T17:58:15.112] [WARN] default - Ruta desconocida { ruta: { '0': '/add/images/cart.png' } }
[2022-12-11T18:04:47.189] [WARN] default - Ruta desconocida { ruta: { '0': '/add/images/cart.png' } }
[2022-12-11T18:07:03.096] [WARN] default - Ruta desconocida { ruta: { '0': '/add/images/cart.png' } }
[2022-12-11T18:08:57.991] [WARN] default - Ruta desconocida { ruta: { '0': '/add/images/cart.png' } }
[2022-12-11T18:11:21.184] [WARN] default - Ruta desconocida { ruta: { '0': '/add/images/cart.png' } }
[2022-12-11T18:49:07.070] [WARN] default - Ruta desconocida { ruta: { '0': '/add/images/cart.png' } }
[2022-12-11T22:26:29.563] [ERROR] default - ReferenceError: productosDaoMongo is not defined
    at home (file:///C:/Users/Sx_Ja/OneDrive/Escritorio/coderhouse/BackEnd/dividirEnCapas/src/controllers/page.controller.js:34:22)
    at Layer.handle [as handle_request] (C:\Users\Sx_Ja\OneDrive\Escritorio\coderhouse\BackEnd\dividirEnCapas\node_modules\express\lib\router\layer.js:95:5)
    at next (C:\Users\Sx_Ja\OneDrive\Escritorio\coderhouse\BackEnd\dividirEnCapas\node_modules\express\lib\router\route.js:144:13)
    at auth (file:///C:/Users/Sx_Ja/OneDrive/Escritorio/coderhouse/BackEnd/dividirEnCapas/server.js:121:16)
    at Layer.handle [as handle_request] (C:\Users\Sx_Ja\OneDrive\Escritorio\coderhouse\BackEnd\dividirEnCapas\node_modules\express\lib\router\layer.js:95:5)
    at next (C:\Users\Sx_Ja\OneDrive\Escritorio\coderhouse\BackEnd\dividirEnCapas\node_modules\express\lib\router\route.js:144:13)
    at Route.dispatch (C:\Users\Sx_Ja\OneDrive\Escritorio\coderhouse\BackEnd\dividirEnCapas\node_modules\express\lib\router\route.js:114:3)
    at Layer.handle [as handle_request] (C:\Users\Sx_Ja\OneDrive\Escritorio\coderhouse\BackEnd\dividirEnCapas\node_modules\express\lib\router\layer.js:95:5)
    at C:\Users\Sx_Ja\OneDrive\Escritorio\coderhouse\BackEnd\dividirEnCapas\node_modules\express\lib\router\index.js:284:15
    at Function.process_params (C:\Users\Sx_Ja\OneDrive\Escritorio\coderhouse\BackEnd\dividirEnCapas\node_modules\express\lib\router\index.js:346:12)
[2022-12-11T22:27:34.573] [ERROR] default - CastError: Cast to ObjectId failed for value "favicon.ico" (type string) at path "_id" for model "productos"
    at model.Query.exec (C:\Users\Sx_Ja\OneDrive\Escritorio\coderhouse\BackEnd\dividirEnCapas\node_modules\mongoose\lib\query.js:4884:21)
    at Query.then (C:\Users\Sx_Ja\OneDrive\Escritorio\coderhouse\BackEnd\dividirEnCapas\node_modules\mongoose\lib\query.js:4983:15)
    at process.processTicksAndRejections (node:internal/process/task_queues:95:5) {
  messageFormat: undefined,
  stringValue: '"favicon.ico"',
  kind: 'ObjectId',
  value: 'favicon.ico',
  path: '_id',
  reason: BSONTypeError: Argument passed in must be a string of 12 bytes or a string of 24 hex characters or an integer
      at new BSONTypeError (C:\Users\Sx_Ja\OneDrive\Escritorio\coderhouse\BackEnd\dividirEnCapas\node_modules\bson\lib\error.js:41:28)
      at new ObjectId (C:\Users\Sx_Ja\OneDrive\Escritorio\coderhouse\BackEnd\dividirEnCapas\node_modules\bson\lib\objectid.js:67:23)
      at castObjectId (C:\Users\Sx_Ja\OneDrive\Escritorio\coderhouse\BackEnd\dividirEnCapas\node_modules\mongoose\lib\cast\objectid.js:25:12)
      at ObjectId.cast (C:\Users\Sx_Ja\OneDrive\Escritorio\coderhouse\BackEnd\dividirEnCapas\node_modules\mongoose\lib\schema\objectid.js:246:12)
      at SchemaType.applySetters (C:\Users\Sx_Ja\OneDrive\Escritorio\coderhouse\BackEnd\dividirEnCapas\node_modules\mongoose\lib\schematype.js:1201:12)
      at SchemaType._castForQuery (C:\Users\Sx_Ja\OneDrive\Escritorio\coderhouse\BackEnd\dividirEnCapas\node_modules\mongoose\lib\schematype.js:1648:15)
      at SchemaType.castForQuery (C:\Users\Sx_Ja\OneDrive\Escritorio\coderhouse\BackEnd\dividirEnCapas\node_modules\mongoose\lib\schematype.js:1636:15)
      at SchemaType.castForQueryWrapper (C:\Users\Sx_Ja\OneDrive\Escritorio\coderhouse\BackEnd\dividirEnCapas\node_modules\mongoose\lib\schematype.js:1612:20)
      at cast (C:\Users\Sx_Ja\OneDrive\Escritorio\coderhouse\BackEnd\dividirEnCapas\node_modules\mongoose\lib\cast.js:347:32)
      at Query.cast (C:\Users\Sx_Ja\OneDrive\Escritorio\coderhouse\BackEnd\dividirEnCapas\node_modules\mongoose\lib\query.js:5312:12),
  valueType: 'string'
}
[2022-12-11T22:27:57.767] [ERROR] default - CastError: Cast to ObjectId failed for value "favicon.ico" (type string) at path "_id" for model "productos"
    at model.Query.exec (C:\Users\Sx_Ja\OneDrive\Escritorio\coderhouse\BackEnd\dividirEnCapas\node_modules\mongoose\lib\query.js:4884:21)
    at Query.then (C:\Users\Sx_Ja\OneDrive\Escritorio\coderhouse\BackEnd\dividirEnCapas\node_modules\mongoose\lib\query.js:4983:15)
    at process.processTicksAndRejections (node:internal/process/task_queues:95:5) {
  messageFormat: undefined,
  stringValue: '"favicon.ico"',
  kind: 'ObjectId',
  value: 'favicon.ico',
  path: '_id',
  reason: BSONTypeError: Argument passed in must be a string of 12 bytes or a string of 24 hex characters or an integer
      at new BSONTypeError (C:\Users\Sx_Ja\OneDrive\Escritorio\coderhouse\BackEnd\dividirEnCapas\node_modules\bson\lib\error.js:41:28)
      at new ObjectId (C:\Users\Sx_Ja\OneDrive\Escritorio\coderhouse\BackEnd\dividirEnCapas\node_modules\bson\lib\objectid.js:67:23)
      at castObjectId (C:\Users\Sx_Ja\OneDrive\Escritorio\coderhouse\BackEnd\dividirEnCapas\node_modules\mongoose\lib\cast\objectid.js:25:12)
      at ObjectId.cast (C:\Users\Sx_Ja\OneDrive\Escritorio\coderhouse\BackEnd\dividirEnCapas\node_modules\mongoose\lib\schema\objectid.js:246:12)
      at SchemaType.applySetters (C:\Users\Sx_Ja\OneDrive\Escritorio\coderhouse\BackEnd\dividirEnCapas\node_modules\mongoose\lib\schematype.js:1201:12)
      at SchemaType._castForQuery (C:\Users\Sx_Ja\OneDrive\Escritorio\coderhouse\BackEnd\dividirEnCapas\node_modules\mongoose\lib\schematype.js:1648:15)
      at SchemaType.castForQuery (C:\Users\Sx_Ja\OneDrive\Escritorio\coderhouse\BackEnd\dividirEnCapas\node_modules\mongoose\lib\schematype.js:1636:15)
      at SchemaType.castForQueryWrapper (C:\Users\Sx_Ja\OneDrive\Escritorio\coderhouse\BackEnd\dividirEnCapas\node_modules\mongoose\lib\schematype.js:1612:20)
      at cast (C:\Users\Sx_Ja\OneDrive\Escritorio\coderhouse\BackEnd\dividirEnCapas\node_modules\mongoose\lib\cast.js:347:32)
      at Query.cast (C:\Users\Sx_Ja\OneDrive\Escritorio\coderhouse\BackEnd\dividirEnCapas\node_modules\mongoose\lib\query.js:5312:12),
  valueType: 'string'
}
[2022-12-11T22:28:23.192] [ERROR] default - CastError: Cast to ObjectId failed for value "qhxEw4LnuAlFLtM7ziWF" (type string) at path "_id" for model "productos"
    at model.Query.exec (C:\Users\Sx_Ja\OneDrive\Escritorio\coderhouse\BackEnd\dividirEnCapas\node_modules\mongoose\lib\query.js:4884:21)
    at Query.then (C:\Users\Sx_Ja\OneDrive\Escritorio\coderhouse\BackEnd\dividirEnCapas\node_modules\mongoose\lib\query.js:4983:15)
    at process.processTicksAndRejections (node:internal/process/task_queues:95:5) {
  messageFormat: undefined,
  stringValue: '"qhxEw4LnuAlFLtM7ziWF"',
  kind: 'ObjectId',
  value: 'qhxEw4LnuAlFLtM7ziWF',
  path: '_id',
  reason: BSONTypeError: Argument passed in must be a string of 12 bytes or a string of 24 hex characters or an integer
      at new BSONTypeError (C:\Users\Sx_Ja\OneDrive\Escritorio\coderhouse\BackEnd\dividirEnCapas\node_modules\bson\lib\error.js:41:28)
      at new ObjectId (C:\Users\Sx_Ja\OneDrive\Escritorio\coderhouse\BackEnd\dividirEnCapas\node_modules\bson\lib\objectid.js:67:23)
      at castObjectId (C:\Users\Sx_Ja\OneDrive\Escritorio\coderhouse\BackEnd\dividirEnCapas\node_modules\mongoose\lib\cast\objectid.js:25:12)
      at ObjectId.cast (C:\Users\Sx_Ja\OneDrive\Escritorio\coderhouse\BackEnd\dividirEnCapas\node_modules\mongoose\lib\schema\objectid.js:246:12)
      at SchemaType.applySetters (C:\Users\Sx_Ja\OneDrive\Escritorio\coderhouse\BackEnd\dividirEnCapas\node_modules\mongoose\lib\schematype.js:1201:12)
      at SchemaType._castForQuery (C:\Users\Sx_Ja\OneDrive\Escritorio\coderhouse\BackEnd\dividirEnCapas\node_modules\mongoose\lib\schematype.js:1648:15)
      at SchemaType.castForQuery (C:\Users\Sx_Ja\OneDrive\Escritorio\coderhouse\BackEnd\dividirEnCapas\node_modules\mongoose\lib\schematype.js:1636:15)
      at SchemaType.castForQueryWrapper (C:\Users\Sx_Ja\OneDrive\Escritorio\coderhouse\BackEnd\dividirEnCapas\node_modules\mongoose\lib\schematype.js:1612:20)
      at cast (C:\Users\Sx_Ja\OneDrive\Escritorio\coderhouse\BackEnd\dividirEnCapas\node_modules\mongoose\lib\cast.js:347:32)
      at Query.cast (C:\Users\Sx_Ja\OneDrive\Escritorio\coderhouse\BackEnd\dividirEnCapas\node_modules\mongoose\lib\query.js:5312:12),
  valueType: 'string'
}
[2022-12-11T22:33:02.924] [ERROR] default - CastError: Cast to ObjectId failed for value "qhxEw4LnuAlFLtM7ziWF" (type string) at path "_id" for model "productos"
    at model.Query.exec (C:\Users\Sx_Ja\OneDrive\Escritorio\coderhouse\BackEnd\dividirEnCapas\node_modules\mongoose\lib\query.js:4884:21)
    at Query.then (C:\Users\Sx_Ja\OneDrive\Escritorio\coderhouse\BackEnd\dividirEnCapas\node_modules\mongoose\lib\query.js:4983:15)
    at process.processTicksAndRejections (node:internal/process/task_queues:95:5) {
  messageFormat: undefined,
  stringValue: '"qhxEw4LnuAlFLtM7ziWF"',
  kind: 'ObjectId',
  value: 'qhxEw4LnuAlFLtM7ziWF',
  path: '_id',
  reason: BSONTypeError: Argument passed in must be a string of 12 bytes or a string of 24 hex characters or an integer
      at new BSONTypeError (C:\Users\Sx_Ja\OneDrive\Escritorio\coderhouse\BackEnd\dividirEnCapas\node_modules\bson\lib\error.js:41:28)
      at new ObjectId (C:\Users\Sx_Ja\OneDrive\Escritorio\coderhouse\BackEnd\dividirEnCapas\node_modules\bson\lib\objectid.js:67:23)
      at castObjectId (C:\Users\Sx_Ja\OneDrive\Escritorio\coderhouse\BackEnd\dividirEnCapas\node_modules\mongoose\lib\cast\objectid.js:25:12)
      at ObjectId.cast (C:\Users\Sx_Ja\OneDrive\Escritorio\coderhouse\BackEnd\dividirEnCapas\node_modules\mongoose\lib\schema\objectid.js:246:12)
      at SchemaType.applySetters (C:\Users\Sx_Ja\OneDrive\Escritorio\coderhouse\BackEnd\dividirEnCapas\node_modules\mongoose\lib\schematype.js:1201:12)
      at SchemaType._castForQuery (C:\Users\Sx_Ja\OneDrive\Escritorio\coderhouse\BackEnd\dividirEnCapas\node_modules\mongoose\lib\schematype.js:1648:15)
      at SchemaType.castForQuery (C:\Users\Sx_Ja\OneDrive\Escritorio\coderhouse\BackEnd\dividirEnCapas\node_modules\mongoose\lib\schematype.js:1636:15)
      at SchemaType.castForQueryWrapper (C:\Users\Sx_Ja\OneDrive\Escritorio\coderhouse\BackEnd\dividirEnCapas\node_modules\mongoose\lib\schematype.js:1612:20)
      at cast (C:\Users\Sx_Ja\OneDrive\Escritorio\coderhouse\BackEnd\dividirEnCapas\node_modules\mongoose\lib\cast.js:347:32)
      at Query.cast (C:\Users\Sx_Ja\OneDrive\Escritorio\coderhouse\BackEnd\dividirEnCapas\node_modules\mongoose\lib\query.js:5312:12),
  valueType: 'string'
}
[2022-12-11T22:35:13.653] [ERROR] default - CastError: Cast to ObjectId failed for value "favicon.ico" (type string) at path "_id" for model "productos"
    at model.Query.exec (C:\Users\Sx_Ja\OneDrive\Escritorio\coderhouse\BackEnd\dividirEnCapas\node_modules\mongoose\lib\query.js:4884:21)
    at Query.then (C:\Users\Sx_Ja\OneDrive\Escritorio\coderhouse\BackEnd\dividirEnCapas\node_modules\mongoose\lib\query.js:4983:15)
    at process.processTicksAndRejections (node:internal/process/task_queues:95:5) {
  messageFormat: undefined,
  stringValue: '"favicon.ico"',
  kind: 'ObjectId',
  value: 'favicon.ico',
  path: '_id',
  reason: BSONTypeError: Argument passed in must be a string of 12 bytes or a string of 24 hex characters or an integer
      at new BSONTypeError (C:\Users\Sx_Ja\OneDrive\Escritorio\coderhouse\BackEnd\dividirEnCapas\node_modules\bson\lib\error.js:41:28)
      at new ObjectId (C:\Users\Sx_Ja\OneDrive\Escritorio\coderhouse\BackEnd\dividirEnCapas\node_modules\bson\lib\objectid.js:67:23)
      at castObjectId (C:\Users\Sx_Ja\OneDrive\Escritorio\coderhouse\BackEnd\dividirEnCapas\node_modules\mongoose\lib\cast\objectid.js:25:12)
      at ObjectId.cast (C:\Users\Sx_Ja\OneDrive\Escritorio\coderhouse\BackEnd\dividirEnCapas\node_modules\mongoose\lib\schema\objectid.js:246:12)
      at SchemaType.applySetters (C:\Users\Sx_Ja\OneDrive\Escritorio\coderhouse\BackEnd\dividirEnCapas\node_modules\mongoose\lib\schematype.js:1201:12)
      at SchemaType._castForQuery (C:\Users\Sx_Ja\OneDrive\Escritorio\coderhouse\BackEnd\dividirEnCapas\node_modules\mongoose\lib\schematype.js:1648:15)
      at SchemaType.castForQuery (C:\Users\Sx_Ja\OneDrive\Escritorio\coderhouse\BackEnd\dividirEnCapas\node_modules\mongoose\lib\schematype.js:1636:15)
      at SchemaType.castForQueryWrapper (C:\Users\Sx_Ja\OneDrive\Escritorio\coderhouse\BackEnd\dividirEnCapas\node_modules\mongoose\lib\schematype.js:1612:20)
      at cast (C:\Users\Sx_Ja\OneDrive\Escritorio\coderhouse\BackEnd\dividirEnCapas\node_modules\mongoose\lib\cast.js:347:32)
      at Query.cast (C:\Users\Sx_Ja\OneDrive\Escritorio\coderhouse\BackEnd\dividirEnCapas\node_modules\mongoose\lib\query.js:5312:12),
  valueType: 'string'
}
[2022-12-11T22:36:06.835] [WARN] default - Ruta desconocida { ruta: { '0': '/add/images/cart.png' } }
[2022-12-11T22:47:47.118] [ERROR] default - CastError: Cast to string failed for value "{ id: 'favicon.ico' }" (type Object) at path "id" for model "productos"
    at model.Query.exec (C:\Users\Sx_Ja\OneDrive\Escritorio\coderhouse\BackEnd\dividirEnCapas\node_modules\mongoose\lib\query.js:4884:21)
    at Query.then (C:\Users\Sx_Ja\OneDrive\Escritorio\coderhouse\BackEnd\dividirEnCapas\node_modules\mongoose\lib\query.js:4983:15)
    at process.processTicksAndRejections (node:internal/process/task_queues:95:5) {
  messageFormat: undefined,
  stringValue: `"{ id: 'favicon.ico' }"`,
  kind: 'string',
  value: { id: 'favicon.ico' },
  path: 'id',
  reason: null,
  valueType: 'Object'
}
[2022-12-11T22:47:48.156] [ERROR] default - CastError: Cast to string failed for value "{ id: 'qhxEw4LnuAlFLtM7ziWF' }" (type Object) at path "id" for model "productos"
    at model.Query.exec (C:\Users\Sx_Ja\OneDrive\Escritorio\coderhouse\BackEnd\dividirEnCapas\node_modules\mongoose\lib\query.js:4884:21)
    at Query.then (C:\Users\Sx_Ja\OneDrive\Escritorio\coderhouse\BackEnd\dividirEnCapas\node_modules\mongoose\lib\query.js:4983:15)
    at process.processTicksAndRejections (node:internal/process/task_queues:95:5) {
  messageFormat: undefined,
  stringValue: `"{ id: 'qhxEw4LnuAlFLtM7ziWF' }"`,
  kind: 'string',
  value: { id: 'qhxEw4LnuAlFLtM7ziWF' },
  path: 'id',
  reason: null,
  valueType: 'Object'
}
[2022-12-11T22:47:54.867] [ERROR] default - CastError: Cast to string failed for value "{ id: 'qhxEw4LnuAlFLtM7ziWF' }" (type Object) at path "id" for model "productos"
    at model.Query.exec (C:\Users\Sx_Ja\OneDrive\Escritorio\coderhouse\BackEnd\dividirEnCapas\node_modules\mongoose\lib\query.js:4884:21)
    at Query.then (C:\Users\Sx_Ja\OneDrive\Escritorio\coderhouse\BackEnd\dividirEnCapas\node_modules\mongoose\lib\query.js:4983:15)
    at process.processTicksAndRejections (node:internal/process/task_queues:95:5) {
  messageFormat: undefined,
  stringValue: `"{ id: 'qhxEw4LnuAlFLtM7ziWF' }"`,
  kind: 'string',
  value: { id: 'qhxEw4LnuAlFLtM7ziWF' },
  path: 'id',
  reason: null,
  valueType: 'Object'
}
[2022-12-11T22:48:27.933] [ERROR] default - CastError: Cast to string failed for value "{ id: 'qhxEw4LnuAlFLtM7ziWF' }" (type Object) at path "id" for model "productos"
    at model.Query.exec (C:\Users\Sx_Ja\OneDrive\Escritorio\coderhouse\BackEnd\dividirEnCapas\node_modules\mongoose\lib\query.js:4884:21)
    at Query.then (C:\Users\Sx_Ja\OneDrive\Escritorio\coderhouse\BackEnd\dividirEnCapas\node_modules\mongoose\lib\query.js:4983:15)
    at process.processTicksAndRejections (node:internal/process/task_queues:95:5) {
  messageFormat: undefined,
  stringValue: `"{ id: 'qhxEw4LnuAlFLtM7ziWF' }"`,
  kind: 'string',
  value: { id: 'qhxEw4LnuAlFLtM7ziWF' },
  path: 'id',
  reason: null,
  valueType: 'Object'
}
[2022-12-11T22:48:28.914] [ERROR] default - CastError: Cast to string failed for value "{ id: 'favicon.ico' }" (type Object) at path "id" for model "productos"
    at model.Query.exec (C:\Users\Sx_Ja\OneDrive\Escritorio\coderhouse\BackEnd\dividirEnCapas\node_modules\mongoose\lib\query.js:4884:21)
    at Query.then (C:\Users\Sx_Ja\OneDrive\Escritorio\coderhouse\BackEnd\dividirEnCapas\node_modules\mongoose\lib\query.js:4983:15)
    at process.processTicksAndRejections (node:internal/process/task_queues:95:5) {
  messageFormat: undefined,
  stringValue: `"{ id: 'favicon.ico' }"`,
  kind: 'string',
  value: { id: 'favicon.ico' },
  path: 'id',
  reason: null,
  valueType: 'Object'
}
[2022-12-11T22:48:36.132] [ERROR] default - CastError: Cast to string failed for value "{ id: 'favicon.ico' }" (type Object) at path "id" for model "productos"
    at model.Query.exec (C:\Users\Sx_Ja\OneDrive\Escritorio\coderhouse\BackEnd\dividirEnCapas\node_modules\mongoose\lib\query.js:4884:21)
    at Query.then (C:\Users\Sx_Ja\OneDrive\Escritorio\coderhouse\BackEnd\dividirEnCapas\node_modules\mongoose\lib\query.js:4983:15)
    at process.processTicksAndRejections (node:internal/process/task_queues:95:5) {
  messageFormat: undefined,
  stringValue: `"{ id: 'favicon.ico' }"`,
  kind: 'string',
  value: { id: 'favicon.ico' },
  path: 'id',
  reason: null,
  valueType: 'Object'
}
[2022-12-11T22:48:36.896] [ERROR] default - CastError: Cast to string failed for value "{ id: 'qhxEw4LnuAlFLtM7ziWF' }" (type Object) at path "id" for model "productos"
    at model.Query.exec (C:\Users\Sx_Ja\OneDrive\Escritorio\coderhouse\BackEnd\dividirEnCapas\node_modules\mongoose\lib\query.js:4884:21)
    at Query.then (C:\Users\Sx_Ja\OneDrive\Escritorio\coderhouse\BackEnd\dividirEnCapas\node_modules\mongoose\lib\query.js:4983:15)
    at process.processTicksAndRejections (node:internal/process/task_queues:95:5) {
  messageFormat: undefined,
  stringValue: `"{ id: 'qhxEw4LnuAlFLtM7ziWF' }"`,
  kind: 'string',
  value: { id: 'qhxEw4LnuAlFLtM7ziWF' },
  path: 'id',
  reason: null,
  valueType: 'Object'
}
[2022-12-11T22:57:18.681] [ERROR] default - CastError: Cast to ObjectId failed for value "favicon.ico" (type string) at path "_id" for model "productos"
    at model.Query.exec (C:\Users\Sx_Ja\OneDrive\Escritorio\coderhouse\BackEnd\dividirEnCapas\node_modules\mongoose\lib\query.js:4884:21)
    at Query.then (C:\Users\Sx_Ja\OneDrive\Escritorio\coderhouse\BackEnd\dividirEnCapas\node_modules\mongoose\lib\query.js:4983:15)
    at process.processTicksAndRejections (node:internal/process/task_queues:95:5) {
  messageFormat: undefined,
  stringValue: '"favicon.ico"',
  kind: 'ObjectId',
  value: 'favicon.ico',
  path: '_id',
  reason: BSONTypeError: Argument passed in must be a string of 12 bytes or a string of 24 hex characters or an integer
      at new BSONTypeError (C:\Users\Sx_Ja\OneDrive\Escritorio\coderhouse\BackEnd\dividirEnCapas\node_modules\bson\lib\error.js:41:28)
      at new ObjectId (C:\Users\Sx_Ja\OneDrive\Escritorio\coderhouse\BackEnd\dividirEnCapas\node_modules\bson\lib\objectid.js:67:23)
      at castObjectId (C:\Users\Sx_Ja\OneDrive\Escritorio\coderhouse\BackEnd\dividirEnCapas\node_modules\mongoose\lib\cast\objectid.js:25:12)
      at ObjectId.cast (C:\Users\Sx_Ja\OneDrive\Escritorio\coderhouse\BackEnd\dividirEnCapas\node_modules\mongoose\lib\schema\objectid.js:246:12)
      at SchemaType.applySetters (C:\Users\Sx_Ja\OneDrive\Escritorio\coderhouse\BackEnd\dividirEnCapas\node_modules\mongoose\lib\schematype.js:1201:12)
      at SchemaType._castForQuery (C:\Users\Sx_Ja\OneDrive\Escritorio\coderhouse\BackEnd\dividirEnCapas\node_modules\mongoose\lib\schematype.js:1648:15)
      at SchemaType.castForQuery (C:\Users\Sx_Ja\OneDrive\Escritorio\coderhouse\BackEnd\dividirEnCapas\node_modules\mongoose\lib\schematype.js:1636:15)
      at SchemaType.castForQueryWrapper (C:\Users\Sx_Ja\OneDrive\Escritorio\coderhouse\BackEnd\dividirEnCapas\node_modules\mongoose\lib\schematype.js:1612:20)
      at cast (C:\Users\Sx_Ja\OneDrive\Escritorio\coderhouse\BackEnd\dividirEnCapas\node_modules\mongoose\lib\cast.js:347:32)
      at Query.cast (C:\Users\Sx_Ja\OneDrive\Escritorio\coderhouse\BackEnd\dividirEnCapas\node_modules\mongoose\lib\query.js:5312:12),
  valueType: 'string'
}
[2022-12-11T22:57:41.907] [ERROR] default - CastError: Cast to ObjectId failed for value "favicon.ico" (type string) at path "_id" for model "productos"
    at model.Query.exec (C:\Users\Sx_Ja\OneDrive\Escritorio\coderhouse\BackEnd\dividirEnCapas\node_modules\mongoose\lib\query.js:4884:21)
    at Query.then (C:\Users\Sx_Ja\OneDrive\Escritorio\coderhouse\BackEnd\dividirEnCapas\node_modules\mongoose\lib\query.js:4983:15)
    at process.processTicksAndRejections (node:internal/process/task_queues:95:5) {
  messageFormat: undefined,
  stringValue: '"favicon.ico"',
  kind: 'ObjectId',
  value: 'favicon.ico',
  path: '_id',
  reason: BSONTypeError: Argument passed in must be a string of 12 bytes or a string of 24 hex characters or an integer
      at new BSONTypeError (C:\Users\Sx_Ja\OneDrive\Escritorio\coderhouse\BackEnd\dividirEnCapas\node_modules\bson\lib\error.js:41:28)
      at new ObjectId (C:\Users\Sx_Ja\OneDrive\Escritorio\coderhouse\BackEnd\dividirEnCapas\node_modules\bson\lib\objectid.js:67:23)
      at castObjectId (C:\Users\Sx_Ja\OneDrive\Escritorio\coderhouse\BackEnd\dividirEnCapas\node_modules\mongoose\lib\cast\objectid.js:25:12)
      at ObjectId.cast (C:\Users\Sx_Ja\OneDrive\Escritorio\coderhouse\BackEnd\dividirEnCapas\node_modules\mongoose\lib\schema\objectid.js:246:12)
      at SchemaType.applySetters (C:\Users\Sx_Ja\OneDrive\Escritorio\coderhouse\BackEnd\dividirEnCapas\node_modules\mongoose\lib\schematype.js:1201:12)
      at SchemaType._castForQuery (C:\Users\Sx_Ja\OneDrive\Escritorio\coderhouse\BackEnd\dividirEnCapas\node_modules\mongoose\lib\schematype.js:1648:15)
      at SchemaType.castForQuery (C:\Users\Sx_Ja\OneDrive\Escritorio\coderhouse\BackEnd\dividirEnCapas\node_modules\mongoose\lib\schematype.js:1636:15)
      at SchemaType.castForQueryWrapper (C:\Users\Sx_Ja\OneDrive\Escritorio\coderhouse\BackEnd\dividirEnCapas\node_modules\mongoose\lib\schematype.js:1612:20)
      at cast (C:\Users\Sx_Ja\OneDrive\Escritorio\coderhouse\BackEnd\dividirEnCapas\node_modules\mongoose\lib\cast.js:347:32)
      at Query.cast (C:\Users\Sx_Ja\OneDrive\Escritorio\coderhouse\BackEnd\dividirEnCapas\node_modules\mongoose\lib\query.js:5312:12),
  valueType: 'string'
}
[2022-12-11T22:57:44.360] [ERROR] default - CastError: Cast to ObjectId failed for value "favicon.ico" (type string) at path "_id" for model "productos"
    at model.Query.exec (C:\Users\Sx_Ja\OneDrive\Escritorio\coderhouse\BackEnd\dividirEnCapas\node_modules\mongoose\lib\query.js:4884:21)
    at Query.then (C:\Users\Sx_Ja\OneDrive\Escritorio\coderhouse\BackEnd\dividirEnCapas\node_modules\mongoose\lib\query.js:4983:15)
    at process.processTicksAndRejections (node:internal/process/task_queues:95:5) {
  messageFormat: undefined,
  stringValue: '"favicon.ico"',
  kind: 'ObjectId',
  value: 'favicon.ico',
  path: '_id',
  reason: BSONTypeError: Argument passed in must be a string of 12 bytes or a string of 24 hex characters or an integer
      at new BSONTypeError (C:\Users\Sx_Ja\OneDrive\Escritorio\coderhouse\BackEnd\dividirEnCapas\node_modules\bson\lib\error.js:41:28)
      at new ObjectId (C:\Users\Sx_Ja\OneDrive\Escritorio\coderhouse\BackEnd\dividirEnCapas\node_modules\bson\lib\objectid.js:67:23)
      at castObjectId (C:\Users\Sx_Ja\OneDrive\Escritorio\coderhouse\BackEnd\dividirEnCapas\node_modules\mongoose\lib\cast\objectid.js:25:12)
      at ObjectId.cast (C:\Users\Sx_Ja\OneDrive\Escritorio\coderhouse\BackEnd\dividirEnCapas\node_modules\mongoose\lib\schema\objectid.js:246:12)
      at SchemaType.applySetters (C:\Users\Sx_Ja\OneDrive\Escritorio\coderhouse\BackEnd\dividirEnCapas\node_modules\mongoose\lib\schematype.js:1201:12)
      at SchemaType._castForQuery (C:\Users\Sx_Ja\OneDrive\Escritorio\coderhouse\BackEnd\dividirEnCapas\node_modules\mongoose\lib\schematype.js:1648:15)
      at SchemaType.castForQuery (C:\Users\Sx_Ja\OneDrive\Escritorio\coderhouse\BackEnd\dividirEnCapas\node_modules\mongoose\lib\schematype.js:1636:15)
      at SchemaType.castForQueryWrapper (C:\Users\Sx_Ja\OneDrive\Escritorio\coderhouse\BackEnd\dividirEnCapas\node_modules\mongoose\lib\schematype.js:1612:20)
      at cast (C:\Users\Sx_Ja\OneDrive\Escritorio\coderhouse\BackEnd\dividirEnCapas\node_modules\mongoose\lib\cast.js:347:32)
      at Query.cast (C:\Users\Sx_Ja\OneDrive\Escritorio\coderhouse\BackEnd\dividirEnCapas\node_modules\mongoose\lib\query.js:5312:12),
  valueType: 'string'
}
[2022-12-11T22:58:07.309] [ERROR] default - CastError: Cast to ObjectId failed for value "favicon.ico" (type string) at path "_id" for model "productos"
    at model.Query.exec (C:\Users\Sx_Ja\OneDrive\Escritorio\coderhouse\BackEnd\dividirEnCapas\node_modules\mongoose\lib\query.js:4884:21)
    at Query.then (C:\Users\Sx_Ja\OneDrive\Escritorio\coderhouse\BackEnd\dividirEnCapas\node_modules\mongoose\lib\query.js:4983:15)
    at process.processTicksAndRejections (node:internal/process/task_queues:95:5) {
  messageFormat: undefined,
  stringValue: '"favicon.ico"',
  kind: 'ObjectId',
  value: 'favicon.ico',
  path: '_id',
  reason: BSONTypeError: Argument passed in must be a string of 12 bytes or a string of 24 hex characters or an integer
      at new BSONTypeError (C:\Users\Sx_Ja\OneDrive\Escritorio\coderhouse\BackEnd\dividirEnCapas\node_modules\bson\lib\error.js:41:28)
      at new ObjectId (C:\Users\Sx_Ja\OneDrive\Escritorio\coderhouse\BackEnd\dividirEnCapas\node_modules\bson\lib\objectid.js:67:23)
      at castObjectId (C:\Users\Sx_Ja\OneDrive\Escritorio\coderhouse\BackEnd\dividirEnCapas\node_modules\mongoose\lib\cast\objectid.js:25:12)
      at ObjectId.cast (C:\Users\Sx_Ja\OneDrive\Escritorio\coderhouse\BackEnd\dividirEnCapas\node_modules\mongoose\lib\schema\objectid.js:246:12)
      at SchemaType.applySetters (C:\Users\Sx_Ja\OneDrive\Escritorio\coderhouse\BackEnd\dividirEnCapas\node_modules\mongoose\lib\schematype.js:1201:12)
      at SchemaType._castForQuery (C:\Users\Sx_Ja\OneDrive\Escritorio\coderhouse\BackEnd\dividirEnCapas\node_modules\mongoose\lib\schematype.js:1648:15)
      at SchemaType.castForQuery (C:\Users\Sx_Ja\OneDrive\Escritorio\coderhouse\BackEnd\dividirEnCapas\node_modules\mongoose\lib\schematype.js:1636:15)
      at SchemaType.castForQueryWrapper (C:\Users\Sx_Ja\OneDrive\Escritorio\coderhouse\BackEnd\dividirEnCapas\node_modules\mongoose\lib\schematype.js:1612:20)
      at cast (C:\Users\Sx_Ja\OneDrive\Escritorio\coderhouse\BackEnd\dividirEnCapas\node_modules\mongoose\lib\cast.js:347:32)
      at Query.cast (C:\Users\Sx_Ja\OneDrive\Escritorio\coderhouse\BackEnd\dividirEnCapas\node_modules\mongoose\lib\query.js:5312:12),
  valueType: 'string'
}
[2022-12-11T22:58:29.215] [ERROR] default - CastError: Cast to ObjectId failed for value "favicon.ico" (type string) at path "_id" for model "productos"
    at model.Query.exec (C:\Users\Sx_Ja\OneDrive\Escritorio\coderhouse\BackEnd\dividirEnCapas\node_modules\mongoose\lib\query.js:4884:21)
    at Query.then (C:\Users\Sx_Ja\OneDrive\Escritorio\coderhouse\BackEnd\dividirEnCapas\node_modules\mongoose\lib\query.js:4983:15)
    at process.processTicksAndRejections (node:internal/process/task_queues:95:5) {
  messageFormat: undefined,
  stringValue: '"favicon.ico"',
  kind: 'ObjectId',
  value: 'favicon.ico',
  path: '_id',
  reason: BSONTypeError: Argument passed in must be a string of 12 bytes or a string of 24 hex characters or an integer
      at new BSONTypeError (C:\Users\Sx_Ja\OneDrive\Escritorio\coderhouse\BackEnd\dividirEnCapas\node_modules\bson\lib\error.js:41:28)
      at new ObjectId (C:\Users\Sx_Ja\OneDrive\Escritorio\coderhouse\BackEnd\dividirEnCapas\node_modules\bson\lib\objectid.js:67:23)
      at castObjectId (C:\Users\Sx_Ja\OneDrive\Escritorio\coderhouse\BackEnd\dividirEnCapas\node_modules\mongoose\lib\cast\objectid.js:25:12)
      at ObjectId.cast (C:\Users\Sx_Ja\OneDrive\Escritorio\coderhouse\BackEnd\dividirEnCapas\node_modules\mongoose\lib\schema\objectid.js:246:12)
      at SchemaType.applySetters (C:\Users\Sx_Ja\OneDrive\Escritorio\coderhouse\BackEnd\dividirEnCapas\node_modules\mongoose\lib\schematype.js:1201:12)
      at SchemaType._castForQuery (C:\Users\Sx_Ja\OneDrive\Escritorio\coderhouse\BackEnd\dividirEnCapas\node_modules\mongoose\lib\schematype.js:1648:15)
      at SchemaType.castForQuery (C:\Users\Sx_Ja\OneDrive\Escritorio\coderhouse\BackEnd\dividirEnCapas\node_modules\mongoose\lib\schematype.js:1636:15)
      at SchemaType.castForQueryWrapper (C:\Users\Sx_Ja\OneDrive\Escritorio\coderhouse\BackEnd\dividirEnCapas\node_modules\mongoose\lib\schematype.js:1612:20)
      at cast (C:\Users\Sx_Ja\OneDrive\Escritorio\coderhouse\BackEnd\dividirEnCapas\node_modules\mongoose\lib\cast.js:347:32)
      at Query.cast (C:\Users\Sx_Ja\OneDrive\Escritorio\coderhouse\BackEnd\dividirEnCapas\node_modules\mongoose\lib\query.js:5312:12),
  valueType: 'string'
}
[2022-12-11T23:06:08.864] [ERROR] default - CastError: Cast to ObjectId failed for value "favicon.ico" (type string) at path "_id" for model "productos"
    at model.Query.exec (C:\Users\Sx_Ja\OneDrive\Escritorio\coderhouse\BackEnd\dividirEnCapas\node_modules\mongoose\lib\query.js:4884:21)
    at Query.then (C:\Users\Sx_Ja\OneDrive\Escritorio\coderhouse\BackEnd\dividirEnCapas\node_modules\mongoose\lib\query.js:4983:15)
    at process.processTicksAndRejections (node:internal/process/task_queues:95:5) {
  messageFormat: undefined,
  stringValue: '"favicon.ico"',
  kind: 'ObjectId',
  value: 'favicon.ico',
  path: '_id',
  reason: BSONTypeError: Argument passed in must be a string of 12 bytes or a string of 24 hex characters or an integer
      at new BSONTypeError (C:\Users\Sx_Ja\OneDrive\Escritorio\coderhouse\BackEnd\dividirEnCapas\node_modules\bson\lib\error.js:41:28)
      at new ObjectId (C:\Users\Sx_Ja\OneDrive\Escritorio\coderhouse\BackEnd\dividirEnCapas\node_modules\bson\lib\objectid.js:67:23)
      at castObjectId (C:\Users\Sx_Ja\OneDrive\Escritorio\coderhouse\BackEnd\dividirEnCapas\node_modules\mongoose\lib\cast\objectid.js:25:12)
      at ObjectId.cast (C:\Users\Sx_Ja\OneDrive\Escritorio\coderhouse\BackEnd\dividirEnCapas\node_modules\mongoose\lib\schema\objectid.js:246:12)
      at SchemaType.applySetters (C:\Users\Sx_Ja\OneDrive\Escritorio\coderhouse\BackEnd\dividirEnCapas\node_modules\mongoose\lib\schematype.js:1201:12)
      at SchemaType._castForQuery (C:\Users\Sx_Ja\OneDrive\Escritorio\coderhouse\BackEnd\dividirEnCapas\node_modules\mongoose\lib\schematype.js:1648:15)
      at SchemaType.castForQuery (C:\Users\Sx_Ja\OneDrive\Escritorio\coderhouse\BackEnd\dividirEnCapas\node_modules\mongoose\lib\schematype.js:1636:15)
      at SchemaType.castForQueryWrapper (C:\Users\Sx_Ja\OneDrive\Escritorio\coderhouse\BackEnd\dividirEnCapas\node_modules\mongoose\lib\schematype.js:1612:20)
      at cast (C:\Users\Sx_Ja\OneDrive\Escritorio\coderhouse\BackEnd\dividirEnCapas\node_modules\mongoose\lib\cast.js:347:32)
      at Query.cast (C:\Users\Sx_Ja\OneDrive\Escritorio\coderhouse\BackEnd\dividirEnCapas\node_modules\mongoose\lib\query.js:5312:12),
  valueType: 'string'
}
[2022-12-11T23:06:26.160] [ERROR] default - CastError: Cast to ObjectId failed for value "qhxEw4LnuAlFLtM7ziWF" (type string) at path "_id" for model "productos"
    at model.Query.exec (C:\Users\Sx_Ja\OneDrive\Escritorio\coderhouse\BackEnd\dividirEnCapas\node_modules\mongoose\lib\query.js:4884:21)
    at Query.then (C:\Users\Sx_Ja\OneDrive\Escritorio\coderhouse\BackEnd\dividirEnCapas\node_modules\mongoose\lib\query.js:4983:15)
    at process.processTicksAndRejections (node:internal/process/task_queues:95:5) {
  messageFormat: undefined,
  stringValue: '"qhxEw4LnuAlFLtM7ziWF"',
  kind: 'ObjectId',
  value: 'qhxEw4LnuAlFLtM7ziWF',
  path: '_id',
  reason: BSONTypeError: Argument passed in must be a string of 12 bytes or a string of 24 hex characters or an integer
      at new BSONTypeError (C:\Users\Sx_Ja\OneDrive\Escritorio\coderhouse\BackEnd\dividirEnCapas\node_modules\bson\lib\error.js:41:28)
      at new ObjectId (C:\Users\Sx_Ja\OneDrive\Escritorio\coderhouse\BackEnd\dividirEnCapas\node_modules\bson\lib\objectid.js:67:23)
      at castObjectId (C:\Users\Sx_Ja\OneDrive\Escritorio\coderhouse\BackEnd\dividirEnCapas\node_modules\mongoose\lib\cast\objectid.js:25:12)
      at ObjectId.cast (C:\Users\Sx_Ja\OneDrive\Escritorio\coderhouse\BackEnd\dividirEnCapas\node_modules\mongoose\lib\schema\objectid.js:246:12)
      at SchemaType.applySetters (C:\Users\Sx_Ja\OneDrive\Escritorio\coderhouse\BackEnd\dividirEnCapas\node_modules\mongoose\lib\schematype.js:1201:12)
      at SchemaType._castForQuery (C:\Users\Sx_Ja\OneDrive\Escritorio\coderhouse\BackEnd\dividirEnCapas\node_modules\mongoose\lib\schematype.js:1648:15)
      at SchemaType.castForQuery (C:\Users\Sx_Ja\OneDrive\Escritorio\coderhouse\BackEnd\dividirEnCapas\node_modules\mongoose\lib\schematype.js:1636:15)
      at SchemaType.castForQueryWrapper (C:\Users\Sx_Ja\OneDrive\Escritorio\coderhouse\BackEnd\dividirEnCapas\node_modules\mongoose\lib\schematype.js:1612:20)
      at cast (C:\Users\Sx_Ja\OneDrive\Escritorio\coderhouse\BackEnd\dividirEnCapas\node_modules\mongoose\lib\cast.js:347:32)
      at Query.cast (C:\Users\Sx_Ja\OneDrive\Escritorio\coderhouse\BackEnd\dividirEnCapas\node_modules\mongoose\lib\query.js:5312:12),
  valueType: 'string'
}
[2022-12-11T23:06:47.423] [ERROR] default - CastError: Cast to ObjectId failed for value "favicon.ico" (type string) at path "_id" for model "productos"
    at model.Query.exec (C:\Users\Sx_Ja\OneDrive\Escritorio\coderhouse\BackEnd\dividirEnCapas\node_modules\mongoose\lib\query.js:4884:21)
    at Query.then (C:\Users\Sx_Ja\OneDrive\Escritorio\coderhouse\BackEnd\dividirEnCapas\node_modules\mongoose\lib\query.js:4983:15)
    at process.processTicksAndRejections (node:internal/process/task_queues:95:5) {
  messageFormat: undefined,
  stringValue: '"favicon.ico"',
  kind: 'ObjectId',
  value: 'favicon.ico',
  path: '_id',
  reason: BSONTypeError: Argument passed in must be a string of 12 bytes or a string of 24 hex characters or an integer
      at new BSONTypeError (C:\Users\Sx_Ja\OneDrive\Escritorio\coderhouse\BackEnd\dividirEnCapas\node_modules\bson\lib\error.js:41:28)
      at new ObjectId (C:\Users\Sx_Ja\OneDrive\Escritorio\coderhouse\BackEnd\dividirEnCapas\node_modules\bson\lib\objectid.js:67:23)
      at castObjectId (C:\Users\Sx_Ja\OneDrive\Escritorio\coderhouse\BackEnd\dividirEnCapas\node_modules\mongoose\lib\cast\objectid.js:25:12)
      at ObjectId.cast (C:\Users\Sx_Ja\OneDrive\Escritorio\coderhouse\BackEnd\dividirEnCapas\node_modules\mongoose\lib\schema\objectid.js:246:12)
      at SchemaType.applySetters (C:\Users\Sx_Ja\OneDrive\Escritorio\coderhouse\BackEnd\dividirEnCapas\node_modules\mongoose\lib\schematype.js:1201:12)
      at SchemaType._castForQuery (C:\Users\Sx_Ja\OneDrive\Escritorio\coderhouse\BackEnd\dividirEnCapas\node_modules\mongoose\lib\schematype.js:1648:15)
      at SchemaType.castForQuery (C:\Users\Sx_Ja\OneDrive\Escritorio\coderhouse\BackEnd\dividirEnCapas\node_modules\mongoose\lib\schematype.js:1636:15)
      at SchemaType.castForQueryWrapper (C:\Users\Sx_Ja\OneDrive\Escritorio\coderhouse\BackEnd\dividirEnCapas\node_modules\mongoose\lib\schematype.js:1612:20)
      at cast (C:\Users\Sx_Ja\OneDrive\Escritorio\coderhouse\BackEnd\dividirEnCapas\node_modules\mongoose\lib\cast.js:347:32)
      at Query.cast (C:\Users\Sx_Ja\OneDrive\Escritorio\coderhouse\BackEnd\dividirEnCapas\node_modules\mongoose\lib\query.js:5312:12),
  valueType: 'string'
}
[2022-12-11T23:08:01.330] [ERROR] default - CastError: Cast to ObjectId failed for value "favicon.ico" (type string) at path "_id" for model "productos"
    at model.Query.exec (C:\Users\Sx_Ja\OneDrive\Escritorio\coderhouse\BackEnd\dividirEnCapas\node_modules\mongoose\lib\query.js:4884:21)
    at Query.then (C:\Users\Sx_Ja\OneDrive\Escritorio\coderhouse\BackEnd\dividirEnCapas\node_modules\mongoose\lib\query.js:4983:15)
    at process.processTicksAndRejections (node:internal/process/task_queues:95:5) {
  messageFormat: undefined,
  stringValue: '"favicon.ico"',
  kind: 'ObjectId',
  value: 'favicon.ico',
  path: '_id',
  reason: BSONTypeError: Argument passed in must be a string of 12 bytes or a string of 24 hex characters or an integer
      at new BSONTypeError (C:\Users\Sx_Ja\OneDrive\Escritorio\coderhouse\BackEnd\dividirEnCapas\node_modules\bson\lib\error.js:41:28)
      at new ObjectId (C:\Users\Sx_Ja\OneDrive\Escritorio\coderhouse\BackEnd\dividirEnCapas\node_modules\bson\lib\objectid.js:67:23)
      at castObjectId (C:\Users\Sx_Ja\OneDrive\Escritorio\coderhouse\BackEnd\dividirEnCapas\node_modules\mongoose\lib\cast\objectid.js:25:12)
      at ObjectId.cast (C:\Users\Sx_Ja\OneDrive\Escritorio\coderhouse\BackEnd\dividirEnCapas\node_modules\mongoose\lib\schema\objectid.js:246:12)
      at SchemaType.applySetters (C:\Users\Sx_Ja\OneDrive\Escritorio\coderhouse\BackEnd\dividirEnCapas\node_modules\mongoose\lib\schematype.js:1201:12)
      at SchemaType._castForQuery (C:\Users\Sx_Ja\OneDrive\Escritorio\coderhouse\BackEnd\dividirEnCapas\node_modules\mongoose\lib\schematype.js:1648:15)
      at SchemaType.castForQuery (C:\Users\Sx_Ja\OneDrive\Escritorio\coderhouse\BackEnd\dividirEnCapas\node_modules\mongoose\lib\schematype.js:1636:15)
      at SchemaType.castForQueryWrapper (C:\Users\Sx_Ja\OneDrive\Escritorio\coderhouse\BackEnd\dividirEnCapas\node_modules\mongoose\lib\schematype.js:1612:20)
      at cast (C:\Users\Sx_Ja\OneDrive\Escritorio\coderhouse\BackEnd\dividirEnCapas\node_modules\mongoose\lib\cast.js:347:32)
      at Query.cast (C:\Users\Sx_Ja\OneDrive\Escritorio\coderhouse\BackEnd\dividirEnCapas\node_modules\mongoose\lib\query.js:5312:12),
  valueType: 'string'
}
[2022-12-11T23:10:18.035] [ERROR] default - CastError: Cast to ObjectId failed for value "qhxEw4LnuAlFLtM7ziWF" (type string) at path "_id" for model "productos"
    at model.Query.exec (C:\Users\Sx_Ja\OneDrive\Escritorio\coderhouse\BackEnd\dividirEnCapas\node_modules\mongoose\lib\query.js:4884:21)
    at Query.then (C:\Users\Sx_Ja\OneDrive\Escritorio\coderhouse\BackEnd\dividirEnCapas\node_modules\mongoose\lib\query.js:4983:15)
    at process.processTicksAndRejections (node:internal/process/task_queues:95:5) {
  messageFormat: undefined,
  stringValue: '"qhxEw4LnuAlFLtM7ziWF"',
  kind: 'ObjectId',
  value: 'qhxEw4LnuAlFLtM7ziWF',
  path: '_id',
  reason: BSONTypeError: Argument passed in must be a string of 12 bytes or a string of 24 hex characters or an integer
      at new BSONTypeError (C:\Users\Sx_Ja\OneDrive\Escritorio\coderhouse\BackEnd\dividirEnCapas\node_modules\bson\lib\error.js:41:28)
      at new ObjectId (C:\Users\Sx_Ja\OneDrive\Escritorio\coderhouse\BackEnd\dividirEnCapas\node_modules\bson\lib\objectid.js:67:23)
      at castObjectId (C:\Users\Sx_Ja\OneDrive\Escritorio\coderhouse\BackEnd\dividirEnCapas\node_modules\mongoose\lib\cast\objectid.js:25:12)
      at ObjectId.cast (C:\Users\Sx_Ja\OneDrive\Escritorio\coderhouse\BackEnd\dividirEnCapas\node_modules\mongoose\lib\schema\objectid.js:246:12)
      at SchemaType.applySetters (C:\Users\Sx_Ja\OneDrive\Escritorio\coderhouse\BackEnd\dividirEnCapas\node_modules\mongoose\lib\schematype.js:1201:12)
      at SchemaType._castForQuery (C:\Users\Sx_Ja\OneDrive\Escritorio\coderhouse\BackEnd\dividirEnCapas\node_modules\mongoose\lib\schematype.js:1648:15)
      at SchemaType.castForQuery (C:\Users\Sx_Ja\OneDrive\Escritorio\coderhouse\BackEnd\dividirEnCapas\node_modules\mongoose\lib\schematype.js:1636:15)
      at SchemaType.castForQueryWrapper (C:\Users\Sx_Ja\OneDrive\Escritorio\coderhouse\BackEnd\dividirEnCapas\node_modules\mongoose\lib\schematype.js:1612:20)
      at cast (C:\Users\Sx_Ja\OneDrive\Escritorio\coderhouse\BackEnd\dividirEnCapas\node_modules\mongoose\lib\cast.js:347:32)
      at Query.cast (C:\Users\Sx_Ja\OneDrive\Escritorio\coderhouse\BackEnd\dividirEnCapas\node_modules\mongoose\lib\query.js:5312:12),
  valueType: 'string'
}
[2022-12-11T23:14:59.118] [ERROR] default - TypeError: Cannot read properties of null (reading 'name')
    at productID (file:///C:/Users/Sx_Ja/OneDrive/Escritorio/coderhouse/BackEnd/dividirEnCapas/src/controllers/page.controller.js:93:50)
    at process.processTicksAndRejections (node:internal/process/task_queues:95:5)
[2022-12-11T23:14:59.426] [ERROR] default - TypeError: Cannot read properties of null (reading 'name')
    at productID (file:///C:/Users/Sx_Ja/OneDrive/Escritorio/coderhouse/BackEnd/dividirEnCapas/src/controllers/page.controller.js:93:50)
    at process.processTicksAndRejections (node:internal/process/task_queues:95:5)
